<?xml version="1.0" encoding="UTF-8"?>
<testsuite xmlns:xsi="http://www.w3.org/2001/XMLSchema-instance" xsi:noNamespaceSchemaLocation="https://maven.apache.org/surefire/maven-surefire-plugin/xsd/surefire-test-report-3.0.xsd" version="3.0" name="org.example.DoSomethingClassTest" time="0.056" tests="8" errors="0" skipped="0" failures="1">
  <properties>
[...]
</properties>
  <testcase name="example3b1" classname="org.example.DoSomethingClassTest" time="0.023"/>
  <testcase name="example3b2" classname="org.example.DoSomethingClassTest" time="0.007">
    <failure message="expected: &lt;The value of a was found in the int array.&#10;The value of a was found in the int array.&#10;&gt; but was: &lt;The value of a was found in the int array.&#10;The value of b was found in the int array.&#10;&gt;" type="org.opentest4j.AssertionFailedError"><![CDATA[org.opentest4j.AssertionFailedError: 
expected: <The value of a was found in the int array.
The value of a was found in the int array.
> but was: <The value of a was found in the int array.
The value of b was found in the int array.
>
	at org.example.DoSomethingClassTest.example3b2(DoSomethingClassTest.java:111)
]]></failure>
  </testcase>
  <testcase name="example1a" classname="org.example.DoSomethingClassTest" time="0.001"/>
  <testcase name="example1b" classname="org.example.DoSomethingClassTest" time="0.003"/>
  <testcase name="example2a" classname="org.example.DoSomethingClassTest" time="0.001"/>
  <testcase name="example2b" classname="org.example.DoSomethingClassTest" time="0.009"/>
  <testcase name="example3a" classname="org.example.DoSomethingClassTest" time="0.001"/>
  <testcase name="example3b" classname="org.example.DoSomethingClassTest" time="0.001"/>
</testsuite>